0 info it worked if it ends with ok
1 verbose cli [ 'C:\\Program Files\\nodejs\\node.exe',
1 verbose cli   'C:\\Program Files\\nodejs\\node_modules\\npm\\bin\\npm-cli.js',
1 verbose cli   'run',
1 verbose cli   'scss' ]
2 info using npm@3.10.10
3 info using node@v6.9.5
4 verbose run-script [ 'prescss', 'scss', 'postscss' ]
5 info lifecycle week12@1.0.0~prescss: week12@1.0.0
6 silly lifecycle week12@1.0.0~prescss: no script for prescss, continuing
7 info lifecycle week12@1.0.0~scss: week12@1.0.0
8 verbose lifecycle week12@1.0.0~scss: unsafe-perm in lifecycle true
9 verbose lifecycle week12@1.0.0~scss: PATH: C:\Program Files\nodejs\node_modules\npm\bin\node-gyp-bin;C:\wamp\www\T2week12\node_modules\.bin;C:\Users\sAgolli\bin;C:\Users\sAgolli\AppData\Local\GitHub\PortableGit_f02737a78695063deace08e96d5042710d3e32db\usr\local\bin;C:\Users\sAgolli\AppData\Local\GitHub\PortableGit_f02737a78695063deace08e96d5042710d3e32db\usr\bin;C:\Users\sAgolli\AppData\Local\GitHub\PortableGit_f02737a78695063deace08e96d5042710d3e32db\usr\bin;C:\Users\sAgolli\AppData\Local\GitHub\PortableGit_f02737a78695063deace08e96d5042710d3e32db\cmd;C:\Users\sAgolli\AppData\Local\GitHub\PortableGit_f02737a78695063deace08e96d5042710d3e32db\usr\bin;C:\Users\sAgolli\AppData\Local\GitHub\PortableGit_f02737a78695063deace08e96d5042710d3e32db\usr\share\git-tfs;C:\Users\sAgolli\AppData\Local\Apps\2.0\ZZW03PWD.BKB\AX54TQRO.C6H\gith..tion_317444273a93ac29_0003.0003_5794af8169eeff14;C:\Users\sAgolli\AppData\Local\GitHub\lfs-amd64_1.5.5;C:\Users\sAgolli\AppData\Local\Apps\2.0\ZZW03PWD.BKB\AX54TQRO.C6H\gith..tion_317444273a93ac29_0003.0003_5794af8169eeff14\NativeBinaries\x86;C:\Ruby22-x64\bin;C:\Program Files (x86)\ActiveState Komodo Edit 10;C:\ProgramData\Oracle\Java\javapath;C:\Program Files (x86)\Intel\iCLS Client;C:\Program Files\Intel\iCLS Client;C:\Windows\system32;C:\Windows;C:\Windows\System32\Wbem;C:\Windows\System32\WindowsPowerShell\v1.0;C:\Program Files\Intel\Intel(R) Management Engine Components\DAL;C:\Program Files\Intel\Intel(R) Management Engine Components\IPT;C:\Program Files (x86)\Intel\Intel(R) Management Engine Components\DAL;C:\Program Files (x86)\Intel\Intel(R) Management Engine Components\IPT;C:\Program Files (x86)\NVIDIA Corporation\PhysX\Common;C:\Program Files (x86)\QuickTime\QTSystem;C:\Program Files\jEdit;C:\Program Files\nodejs;C:\program files\FXGear\Qualoth;C:\Windows\Microsoft.NET\Framework\v4.0.30319;C:\Users\sAgolli\AppData\Local\GitHub\PortableGit_f02737a78695063deace08e96d5042710d3e32db\usr\bin\vendor_perl;C:\Users\sAgolli\AppData\Local\GitHub\PortableGit_f02737a78695063deace08e96d5042710d3e32db\usr\bin\core_perl
10 verbose lifecycle week12@1.0.0~scss: CWD: C:\wamp\www\T2week12
11 silly lifecycle week12@1.0.0~scss: Args: [ '/d /s /c', 'node-sass scss/styles.scss -o css' ]
12 silly lifecycle week12@1.0.0~scss: Returned: code: 1  signal: null
13 info lifecycle week12@1.0.0~scss: Failed to exec scss script
14 verbose stack Error: week12@1.0.0 scss: `node-sass scss/styles.scss -o css`
14 verbose stack Exit status 1
14 verbose stack     at EventEmitter.<anonymous> (C:\Program Files\nodejs\node_modules\npm\lib\utils\lifecycle.js:255:16)
14 verbose stack     at emitTwo (events.js:106:13)
14 verbose stack     at EventEmitter.emit (events.js:191:7)
14 verbose stack     at ChildProcess.<anonymous> (C:\Program Files\nodejs\node_modules\npm\lib\utils\spawn.js:40:14)
14 verbose stack     at emitTwo (events.js:106:13)
14 verbose stack     at ChildProcess.emit (events.js:191:7)
14 verbose stack     at maybeClose (internal/child_process.js:877:16)
14 verbose stack     at Process.ChildProcess._handle.onexit (internal/child_process.js:226:5)
15 verbose pkgid week12@1.0.0
16 verbose cwd C:\wamp\www\T2week12
17 error Windows_NT 6.1.7601
18 error argv "C:\\Program Files\\nodejs\\node.exe" "C:\\Program Files\\nodejs\\node_modules\\npm\\bin\\npm-cli.js" "run" "scss"
19 error node v6.9.5
20 error npm  v3.10.10
21 error code ELIFECYCLE
22 error week12@1.0.0 scss: `node-sass scss/styles.scss -o css`
22 error Exit status 1
23 error Failed at the week12@1.0.0 scss script 'node-sass scss/styles.scss -o css'.
23 error Make sure you have the latest version of node.js and npm installed.
23 error If you do, this is most likely a problem with the week12 package,
23 error not with npm itself.
23 error Tell the author that this fails on your system:
23 error     node-sass scss/styles.scss -o css
23 error You can get information on how to open an issue for this project with:
23 error     npm bugs week12
23 error Or if that isn't available, you can get their info via:
23 error     npm owner ls week12
23 error There is likely additional logging output above.
24 verbose exit [ 1, true ]
